/CIOPRG DX
//NAME HANDLING
//ATTR SC
//$M
0,0,0,0,0,0,0,0,0,0
0,0,0,0,0,0,0,0,0,0
0,0,0,0,0,0,0,0,0,0
0,0,0,0,0,0,0,0,0,0
0,0,0,0,0,0,0,0,0,0
0,0,0,0,0,0,0,0,0,0
0,0,0,0,0,0,0,0,0,0
0,0,0,0,0,0,0,0,0,0
//KEY 0
PART 1
STR #70054
AND-NOT #50053
OUT #40010
STR #70053
OR #70022
OUT #40067
STR #51536
AND-NOT #51537
AND #50053
OUT #40230
STR #70054
AND #50053
AND #51537
AND-NOT #70053
OUT #40231
STR #51536
AND-NOT #51537
AND #50053
STR #70054
AND #50053
OR-STR
OR #70053
OUT #40011
STR #80011
OUT #70025
STR #70025
AND #82014
OR-NOT #70025
OUT #40057
STR #70025
AND #82015
OUT #40042
STR #70025
AND #82016
OUT #40056
STR #70030
AND-NOT #70034
AND #50080
STR #70031
AND-NOT #70035
AND #50081
OR-STR
STR #70032
AND-NOT #70036
AND #50082
OR-STR
STR #70033
AND-NOT #70037
AND #50083
OR-STR
STR #70040
AND-NOT #70044
AND #50084
OR-STR
STR #70041
AND-NOT #70045
AND #50085
OR-STR
STR #70042
AND-NOT #70046
AND #50086
OR-STR
AND-NOT #50063
OUT #40130
STR #50080
OR #50081
OR #50082
OR #50083
OR #50084
OR #50085
OR #50086
AND #40130
STR #70021
AND-NOT #50076
AND-NOT #50070
OR-STR
OUT #70021
STR #50080
AND-NOT #70021
OUT #70034
STR #50081
AND-NOT #70021
OUT #70035
STR #50082
AND-NOT #70021
OUT #70036
STR #50083
AND-NOT #70021
OUT #70037
STR #50084
AND-NOT #70021
OUT #70044
STR #50085
AND-NOT #70021
OUT #70045
STR #50086
AND-NOT #70021
OUT #70046
STR #50010
OR #50011
OR #50012
OR #50013
OUT #70020
STR #70065
OUT #40051
STR #70067
OUT #40052
STR #50054
AND #50051
OUT #70064
STR #50054
AND #50052
OUT #70066
STR #50054
AND #50073
AND-NOT #50014
AND-NOT #70020
OUT #70010
STR-NOT #70017
OR #70017
OUT #70017
STR-NOT #70016
OUT #70016
STR #70016
STR #70015
CNT M479,250
OUT #70015
STR #51530
OR #70050
AND-NOT #51531
AND-NOT #70052
OUT #70050
STR #51530
OUT #41130
STR #51531
OUT #41131
STR #70050
AND #50070
OUT #70051
STR #70051
OUT #41132
STR #70050
AND #51532
AND-NOT #50070
OUT #70052
PART 2
STR #20010
AND #50073
OUT #40044
STR #20012
OUT #40070
STR #20013
OUT #40014
STR #20015
OUT #40041
STR #20016
OUT #40040
STR #20020
OUT #70030
STR #20021
OUT #70031
STR #20050
OUT #41140
STR #20051
OUT #41141
STR #20052
OUT #41142
STR #20053
OUT #41143
STR #20054
OUT #41144
STR #20055
OUT #41145
STR #20056
OUT #41146
STR #20057
OUT #41147
STR #51537
OR-NOT #50053
AND #51536
AND-NOT #20026
OUT #70053
STR #20027
OUT #70054
STR #50070
OUT #30010
STR #50073
OUT #30011
STR #50020
OUT #30012
STR #70020
OR #50014
OUT #30013
STR #50015
OR #50016
OUT #30014
STR-NOT #40057
OR #50056
OUT #30015
STR #50054
OUT #30016
STR #50053
OUT #30017
STR #70034
OUT #30020
STR #70035
OUT #30021
STR #50157
OUT #30022
STR #50400
OUT #30023
STR #51540
OUT #30050
STR #51541
OUT #30051
STR #51542
OUT #30052
STR #51543
OUT #30053
STR #51544
OUT #30054
STR #51545
OUT #30055
STR #51546
OUT #30056
STR #51547
OUT #30057
GSTR #20030
GOUT #00010
GSTR #20040
GOUT #00020
GSTR #20060
GOUT #00030
GSTR #20070
GOUT #00040
GSTR #20080
GOUT #00050
GSTR #20090
GOUT #00060
GSTR #20100
GOUT #00070
GSTR #20110
GOUT #00080
GSTR #20120
GOUT #00090
GSTR #20130
GOUT #00100
GSTR #20140
GOUT #00110
GSTR #20150
GOUT #00120
GSTR #20160
GOUT #00130
GSTR #20170
GOUT #00140
GSTR #20180
GOUT #00150
GSTR #20190
GOUT #00160
GSTR #20200
GOUT #00170
GSTR #20210
GOUT #00180
GSTR #20220
GOUT #00190
GSTR #20230
GOUT #00200
GSTR #20240
GOUT #00210
GSTR #20250
GOUT #00220
GSTR #20260
GOUT #00230
GSTR #20270
GOUT #00240
GSTR #20280
GOUT #00250
GSTR #20290
GOUT #00260
GSTR #20300
GOUT #00270
GSTR #20310
GOUT #00280
GSTR #20320
GOUT #00290
GSTR #20330
GOUT #00300
GSTR #20340
GOUT #00310
GSTR #20350
GOUT #00320
GSTR #20360
GOUT #00330
GSTR #20370
GOUT #00340
GSTR #20380
GOUT #00350
GSTR #20390
GOUT #00360
GSTR #20400
GOUT #00370
GSTR #20410
GOUT #00380
GSTR #20420
GOUT #00390
GSTR #20430
GOUT #00400
GSTR #20440
GOUT #00410
GSTR #20450
GOUT #00420
GSTR #20460
GOUT #00430
GSTR #20470
GOUT #00440
GSTR #20480
GOUT #00450
GSTR #20490
GOUT #00460
GSTR #20500
GOUT #00470
GSTR #20510
GOUT #00480
GSTR #20520
GOUT #00490
GSTR #20530
GOUT #00500
GSTR #20540
GOUT #00510
GSTR #20550
GOUT #00520
GSTR #20560
GOUT #00530
GSTR #20570
GOUT #00540
GSTR #20580
GOUT #00550
GSTR #20590
GOUT #00560
GSTR #20600
GOUT #00570
GSTR #20610
GOUT #00580
GSTR #20620
GOUT #00590
GSTR #20630
GOUT #00600
GSTR #20640
GOUT #00610
GSTR #20650
GOUT #00620
GSTR #20660
GOUT #00630
GSTR #20670
GOUT #00640
GSTR #20680
GOUT #00650
GSTR #20690
GOUT #00660
GSTR #20700
GOUT #00670
GSTR #20710
GOUT #00680
GSTR #20720
GOUT #00690
GSTR #20730
GOUT #00700
GSTR #20740
GOUT #00710
GSTR #20750
GOUT #00720
GSTR #20760
GOUT #00730
GSTR #20770
GOUT #00740
GSTR #20780
GOUT #00750
GSTR #20790
GOUT #00760
GSTR #20800
GOUT #00770
GSTR #20810
GOUT #00780
GSTR #20820
GOUT #00790
GSTR #20830
GOUT #00800
GSTR #20840
GOUT #00810
GSTR #20850
GOUT #00820
GSTR #20860
GOUT #00830
GSTR #20870
GOUT #00840
GSTR #20880
GOUT #00850
GSTR #20890
GOUT #00860
GSTR #20900
GOUT #00870
GSTR #20910
GOUT #00880
GSTR #20920
GOUT #00890
GSTR #20930
GOUT #00900
GSTR #20940
GOUT #00910
GSTR #20950
GOUT #00920
GSTR #20960
GOUT #00930
GSTR #20970
GOUT #00940
GSTR #20980
GOUT #00950
GSTR #20990
GOUT #00960
GSTR #21000
GOUT #00970
GSTR #21010
GOUT #00980
GSTR #21020
GOUT #00990
GSTR #21030
GOUT #01000
GSTR #21040
GOUT #01010
GSTR #21050
GOUT #01020
GSTR #21060
GOUT #01030
GSTR #21070
GOUT #01040
GSTR #21080
GOUT #01050
GSTR #21090
GOUT #01060
GSTR #21100
GOUT #01070
GSTR #21110
GOUT #01080
GSTR #21120
GOUT #01090
GSTR #21130
GOUT #01100
GSTR #21140
GOUT #01110
GSTR #21150
GOUT #01120
GSTR #21160
GOUT #01130
GSTR #21170
GOUT #01140
GSTR #21180
GOUT #01150
GSTR #21190
GOUT #01160
GSTR #21200
GOUT #01170
GSTR #21210
GOUT #01180
GSTR #21220
GOUT #01190
GSTR #21230
GOUT #01200
GSTR #21240
GOUT #01210
GSTR #21250
GOUT #01220
GSTR #21260
GOUT #01230
GSTR #21270
GOUT #01240
GSTR #21280
GOUT #01250
GSTR #21290
GOUT #01260
GSTR #21300
GOUT #01270
GSTR #21310
GOUT #01280
GSTR #21320
GOUT #01290
GSTR #21330
GOUT #01300
GSTR #21340
GOUT #01310
GSTR #21350
GOUT #01320
GSTR #21360
GOUT #01330
GSTR #21370
GOUT #01340
GSTR #21380
GOUT #01350
GSTR #21390
GOUT #01360
GSTR #21400
GOUT #01370
GSTR #21410
GOUT #01380
GSTR #21420
GOUT #01390
GSTR #21430
GOUT #01400
GSTR #21440
GOUT #01410
GSTR #21450
GOUT #01420
GSTR #21460
GOUT #01430
GSTR #21470
GOUT #01440
GSTR #21480
GOUT #01450
GSTR #21490
GOUT #01460
GSTR #21500
GOUT #01470
GSTR #21510
GOUT #01480
GSTR #21520
GOUT #01490
GSTR #21530
GOUT #01500
GSTR #21540
GOUT #01510
GSTR #21550
GOUT #01520
GSTR #21560
GOUT #01530
GSTR #21570
GOUT #01540
GSTR #21580
GOUT #01550
GSTR #21590
GOUT #01560
GSTR #21600
GOUT #01570
GSTR #21610
GOUT #01580
GSTR #21620
GOUT #01590
GSTR #21630
GOUT #01600
GSTR #21640
GOUT #01610
GSTR #21650
GOUT #01620
GSTR #21660
GOUT #01630
GSTR #21670
GOUT #01640
GSTR #21680
GOUT #01650
GSTR #21690
GOUT #01660
GSTR #21700
GOUT #01670
GSTR #21710
GOUT #01680
GSTR #21720
GOUT #01690
GSTR #21730
GOUT #01700
GSTR #21740
GOUT #01710
GSTR #21750
GOUT #01720
GSTR #21760
GOUT #01730
GSTR #21770
GOUT #01740
GSTR #21780
GOUT #01750
GSTR #21790
GOUT #01760
GSTR #21800
GOUT #01770
GSTR #21810
GOUT #01780
GSTR #21820
GOUT #01790
GSTR #21830
GOUT #01800
GSTR #21840
GOUT #01810
GSTR #21850
GOUT #01820
GSTR #21860
GOUT #01830
GSTR #21870
GOUT #01840
GSTR #21880
GOUT #01850
GSTR #21890
GOUT #01860
GSTR #21900
GOUT #01870
GSTR #21910
GOUT #01880
GSTR #21920
GOUT #01890
GSTR #21930
GOUT #01900
GSTR #21940
GOUT #01910
GSTR #21950
GOUT #01920
GSTR #21960
GOUT #01930
GSTR #21970
GOUT #01940
GSTR #21980
GOUT #01950
GSTR #21990
GOUT #01960
GSTR #22000
GOUT #01970
GSTR #22010
GOUT #01980
GSTR #22020
GOUT #01990
GSTR #22030
GOUT #02000
GSTR #22040
GOUT #02010
GSTR #22050
GOUT #02020
GSTR #22060
GOUT #02030
GSTR #22070
GOUT #02040
GSTR #22080
GOUT #02050
GSTR #22090
GOUT #02060
GSTR #22100
GOUT #02070
GSTR #22110
GOUT #02080
GSTR #22120
GOUT #02090
GSTR #22130
GOUT #02100
GSTR #22140
GOUT #02110
GSTR #22150
GOUT #02120
GSTR #22160
GOUT #02130
GSTR #22170
GOUT #02140
GSTR #22180
GOUT #02150
GSTR #22190
GOUT #02160
GSTR #22200
GOUT #02170
GSTR #22210
GOUT #02180
GSTR #22220
GOUT #02190
GSTR #22230
GOUT #02200
GSTR #22240
GOUT #02210
GSTR #22250
GOUT #02220
GSTR #22260
GOUT #02230
GSTR #22270
GOUT #02240
GSTR #22280
GOUT #02250
GSTR #22290
GOUT #02260
GSTR #22300
GOUT #02270
GSTR #22310
GOUT #02280
GSTR #22320
GOUT #02290
GSTR #22330
GOUT #02300
GSTR #22340
GOUT #02310
GSTR #22350
GOUT #02320
GSTR #22360
GOUT #02330
GSTR #22370
GOUT #02340
GSTR #22380
GOUT #02350
GSTR #22390
GOUT #02360
GSTR #22400
GOUT #02370
GSTR #22410
GOUT #02380
GSTR #22420
GOUT #02390
GSTR #22430
GOUT #02400
GSTR #22440
GOUT #02410
GSTR #22450
GOUT #02420
GSTR #22460
GOUT #02430
GSTR #22470
GOUT #02440
GSTR #22480
GOUT #02450
GSTR #22490
GOUT #02460
GSTR #22500
GOUT #02470
GSTR #22510
GOUT #02480
GSTR #22520
GOUT #02490
GSTR #22530
GOUT #02500
GSTR #22540
GOUT #02510
GSTR #22550
GOUT #02520
GSTR #22560
GOUT #02530
GSTR #10010
GOUT #30030
GSTR #10020
GOUT #30040
GSTR #10030
GOUT #30060
GSTR #10040
GOUT #30070
GSTR #10050
GOUT #30080
GSTR #10060
GOUT #30090
GSTR #10070
GOUT #30100
GSTR #10080
GOUT #30110
GSTR #10090
GOUT #30120
GSTR #10100
GOUT #30130
GSTR #10110
GOUT #30140
GSTR #10120
GOUT #30150
GSTR #10130
GOUT #30160
GSTR #10140
GOUT #30170
GSTR #10150
GOUT #30180
GSTR #10160
GOUT #30190
GSTR #10170
GOUT #30200
GSTR #10180
GOUT #30210
GSTR #10190
GOUT #30220
GSTR #10200
GOUT #30230
GSTR #10210
GOUT #30240
GSTR #10220
GOUT #30250
GSTR #10230
GOUT #30260
GSTR #10240
GOUT #30270
GSTR #10250
GOUT #30280
GSTR #10260
GOUT #30290
GSTR #10270
GOUT #30300
GSTR #10280
GOUT #30310
GSTR #10290
GOUT #30320
GSTR #10300
GOUT #30330
GSTR #10310
GOUT #30340
GSTR #10320
GOUT #30350
GSTR #10330
GOUT #30360
GSTR #10340
GOUT #30370
GSTR #10350
GOUT #30380
GSTR #10360
GOUT #30390
GSTR #10370
GOUT #30400
GSTR #10380
GOUT #30410
GSTR #10390
GOUT #30420
GSTR #10400
GOUT #30430
GSTR #10410
GOUT #30440
GSTR #10420
GOUT #30450
GSTR #10430
GOUT #30460
GSTR #10440
GOUT #30470
GSTR #10450
GOUT #30480
GSTR #10460
GOUT #30490
GSTR #10470
GOUT #30500
GSTR #10480
GOUT #30510
GSTR #10490
GOUT #30520
GSTR #10500
GOUT #30530
GSTR #10510
GOUT #30540
GSTR #10520
GOUT #30550
GSTR #10530
GOUT #30560
GSTR #10540
GOUT #30570
GSTR #10550
GOUT #30580
GSTR #10560
GOUT #30590
GSTR #10570
GOUT #30600
GSTR #10580
GOUT #30610
GSTR #10590
GOUT #30620
GSTR #10600
GOUT #30630
GSTR #10610
GOUT #30640
GSTR #10620
GOUT #30650
GSTR #10630
GOUT #30660
GSTR #10640
GOUT #30670
GSTR #10650
GOUT #30680
GSTR #10660
GOUT #30690
GSTR #10670
GOUT #30700
GSTR #10680
GOUT #30710
GSTR #10690
GOUT #30720
GSTR #10700
GOUT #30730
GSTR #10710
GOUT #30740
GSTR #10720
GOUT #30750
GSTR #10730
GOUT #30760
GSTR #10740
GOUT #30770
GSTR #10750
GOUT #30780
GSTR #10760
GOUT #30790
GSTR #10770
GOUT #30800
GSTR #10780
GOUT #30810
GSTR #10790
GOUT #30820
GSTR #10800
GOUT #30830
GSTR #10810
GOUT #30840
GSTR #10820
GOUT #30850
GSTR #10830
GOUT #30860
GSTR #10840
GOUT #30870
GSTR #10850
GOUT #30880
GSTR #10860
GOUT #30890
GSTR #10870
GOUT #30900
GSTR #10880
GOUT #30910
GSTR #10890
GOUT #30920
GSTR #10900
GOUT #30930
GSTR #10910
GOUT #30940
GSTR #10920
GOUT #30950
GSTR #10930
GOUT #30960
GSTR #10940
GOUT #30970
GSTR #10950
GOUT #30980
GSTR #10960
GOUT #30990
GSTR #10970
GOUT #31000
GSTR #10980
GOUT #31010
GSTR #10990
GOUT #31020
GSTR #11000
GOUT #31030
GSTR #11010
GOUT #31040
GSTR #11020
GOUT #31050
GSTR #11030
GOUT #31060
GSTR #11040
GOUT #31070
GSTR #11050
GOUT #31080
GSTR #11060
GOUT #31090
GSTR #11070
GOUT #31100
GSTR #11080
GOUT #31110
GSTR #11090
GOUT #31120
GSTR #11100
GOUT #31130
GSTR #11110
GOUT #31140
GSTR #11120
GOUT #31150
GSTR #11130
GOUT #31160
GSTR #11140
GOUT #31170
GSTR #11150
GOUT #31180
GSTR #11160
GOUT #31190
GSTR #11170
GOUT #31200
GSTR #11180
GOUT #31210
GSTR #11190
GOUT #31220
GSTR #11200
GOUT #31230
GSTR #11210
GOUT #31240
GSTR #11220
GOUT #31250
GSTR #11230
GOUT #31260
GSTR #11240
GOUT #31270
GSTR #11250
GOUT #31280
GSTR #11260
GOUT #31290
GSTR #11270
GOUT #31300
GSTR #11280
GOUT #31310
GSTR #11290
GOUT #31320
GSTR #11300
GOUT #31330
GSTR #11310
GOUT #31340
GSTR #11320
GOUT #31350
GSTR #11330
GOUT #31360
GSTR #11340
GOUT #31370
GSTR #11350
GOUT #31380
GSTR #11360
GOUT #31390
GSTR #11370
GOUT #31400
GSTR #11380
GOUT #31410
GSTR #11390
GOUT #31420
GSTR #11400
GOUT #31430
GSTR #11410
GOUT #31440
GSTR #11420
GOUT #31450
GSTR #11430
GOUT #31460
GSTR #11440
GOUT #31470
GSTR #11450
GOUT #31480
GSTR #11460
GOUT #31490
GSTR #11470
GOUT #31500
GSTR #11480
GOUT #31510
GSTR #11490
GOUT #31520
GSTR #11500
GOUT #31530
GSTR #11510
GOUT #31540
GSTR #11520
GOUT #31550
GSTR #11530
GOUT #31560
GSTR #11540
GOUT #31570
GSTR #11550
GOUT #31580
GSTR #11560
GOUT #31590
GSTR #11570
GOUT #31600
GSTR #11580
GOUT #31610
GSTR #11590
GOUT #31620
GSTR #11600
GOUT #31630
GSTR #11610
GOUT #31640
GSTR #11620
GOUT #31650
GSTR #11630
GOUT #31660
GSTR #11640
GOUT #31670
GSTR #11650
GOUT #31680
GSTR #11660
GOUT #31690
GSTR #11670
GOUT #31700
GSTR #11680
GOUT #31710
GSTR #11690
GOUT #31720
GSTR #11700
GOUT #31730
GSTR #11710
GOUT #31740
GSTR #11720
GOUT #31750
GSTR #11730
GOUT #31760
GSTR #11740
GOUT #31770
GSTR #11750
GOUT #31780
GSTR #11760
GOUT #31790
GSTR #11770
GOUT #31800
GSTR #11780
GOUT #31810
GSTR #11790
GOUT #31820
GSTR #11800
GOUT #31830
GSTR #11810
GOUT #31840
GSTR #11820
GOUT #31850
GSTR #11830
GOUT #31860
GSTR #11840
GOUT #31870
GSTR #11850
GOUT #31880
GSTR #11860
GOUT #31890
GSTR #11870
GOUT #31900
GSTR #11880
GOUT #31910
GSTR #11890
GOUT #31920
GSTR #11900
GOUT #31930
GSTR #11910
GOUT #31940
GSTR #11920
GOUT #31950
GSTR #11930
GOUT #31960
GSTR #11940
GOUT #31970
GSTR #11950
GOUT #31980
GSTR #11960
GOUT #31990
GSTR #11970
GOUT #32000
GSTR #11980
GOUT #32010
GSTR #11990
GOUT #32020
GSTR #12000
GOUT #32030
GSTR #12010
GOUT #32040
GSTR #12020
GOUT #32050
GSTR #12030
GOUT #32060
GSTR #12040
GOUT #32070
GSTR #12050
GOUT #32080
GSTR #12060
GOUT #32090
GSTR #12070
GOUT #32100
GSTR #12080
GOUT #32110
GSTR #12090
GOUT #32120
GSTR #12100
GOUT #32130
GSTR #12110
GOUT #32140
GSTR #12120
GOUT #32150
GSTR #12130
GOUT #32160
GSTR #12140
GOUT #32170
GSTR #12150
GOUT #32180
GSTR #12160
GOUT #32190
GSTR #12170
GOUT #32200
GSTR #12180
GOUT #32210
GSTR #12190
GOUT #32220
GSTR #12200
GOUT #32230
GSTR #12210
GOUT #32240
GSTR #12220
GOUT #32250
GSTR #12230
GOUT #32260
GSTR #12240
GOUT #32270
GSTR #12250
GOUT #32280
GSTR #12260
GOUT #32290
GSTR #12270
GOUT #32300
GSTR #12280
GOUT #32310
GSTR #12290
GOUT #32320
GSTR #12300
GOUT #32330
GSTR #12310
GOUT #32340
GSTR #12320
GOUT #32350
GSTR #12330
GOUT #32360
GSTR #12340
GOUT #32370
GSTR #12350
GOUT #32380
GSTR #12360
GOUT #32390
GSTR #12370
GOUT #32400
GSTR #12380
GOUT #32410
GSTR #12390
GOUT #32420
GSTR #12400
GOUT #32430
GSTR #12480
GOUT #32440
GSTR #12420
GOUT #32450
GSTR #12430
GOUT #32460
GSTR #12440
GOUT #32470
GSTR #12450
GOUT #32480
GSTR #12460
GOUT #32490
GSTR #12470
GOUT #32500
GSTR #12480
GOUT #32510
GSTR #12490
GOUT #32520
GSTR #12500
GOUT #32530
GSTR #12510
GOUT #32540
GSTR #12520
GOUT #32550
GSTR #12530
GOUT #32560
END
//ALARM1
AIR PRESSURE LOWERED































































































































//ALARM2
































































































































//MESSAGE1
TOOL SHOCK SENSOR WORKING
TOOL SHOCK SENSOR INP. RELEASING
AIR PRESSURE LOWERING





























































































































//MESSAGE2
































































































































